
> api@0.0.1 build /Users/mlh/mloan/microloan/apps/api
> nest build

[96msrc/audit/audit.service.ts[0m:[93m16[0m:[93m23[0m - [91merror[0m[90m TS2339: [0mProperty 'auditLog' does not exist on type 'PrismaService'.

[7m16[0m     await this.prisma.auditLog.create({
[7m  [0m [91m                      ~~~~~~~~[0m
[96msrc/auth/roles.decorator.ts[0m:[93m2[0m:[93m10[0m - [91merror[0m[90m TS2305: [0mModule '"@microloan/db"' has no exported member 'Role'.

[7m2[0m import { Role } from '@microloan/db';
[7m [0m [91m         ~~~~[0m
[96msrc/auth/roles.guard.ts[0m:[93m3[0m:[93m10[0m - [91merror[0m[90m TS2305: [0mModule '"@microloan/db"' has no exported member 'Role'.

[7m3[0m import { Role } from '@microloan/db';
[7m [0m [91m         ~~~~[0m
[96msrc/borrowers/borrowers.service.ts[0m:[93m17[0m:[93m33[0m - [91merror[0m[90m TS2339: [0mProperty 'borrower' does not exist on type 'PrismaService'.

[7m17[0m     const b = await this.prisma.borrower.create({ data: { tenantId, ...dto } });
[7m  [0m [91m                                ~~~~~~~~[0m
[96msrc/borrowers/borrowers.service.ts[0m:[93m30[0m:[93m24[0m - [91merror[0m[90m TS2339: [0mProperty 'borrower' does not exist on type 'PrismaService'.

[7m30[0m     return this.prisma.borrower.findMany({
[7m  [0m [91m                       ~~~~~~~~[0m
[96msrc/borrowers/borrowers.service.ts[0m:[93m37[0m:[93m33[0m - [91merror[0m[90m TS2339: [0mProperty 'borrower' does not exist on type 'PrismaService'.

[7m37[0m     const b = await this.prisma.borrower.findUnique({
[7m  [0m [91m                                ~~~~~~~~[0m
[96msrc/borrowers/borrowers.service.ts[0m:[93m50[0m:[93m33[0m - [91merror[0m[90m TS2339: [0mProperty 'borrower' does not exist on type 'PrismaService'.

[7m50[0m     const b = await this.prisma.borrower.findUnique({
[7m  [0m [91m                                ~~~~~~~~[0m
[96msrc/borrowers/borrowers.service.ts[0m:[93m54[0m:[93m39[0m - [91merror[0m[90m TS2339: [0mProperty 'borrower' does not exist on type 'PrismaService'.

[7m54[0m     const updated = await this.prisma.borrower.update({
[7m  [0m [91m                                      ~~~~~~~~[0m
[96msrc/borrowers/borrowers.service.ts[0m:[93m66[0m:[93m33[0m - [91merror[0m[90m TS2339: [0mProperty 'borrower' does not exist on type 'PrismaService'.

[7m66[0m     const b = await this.prisma.borrower.findUnique({
[7m  [0m [91m                                ~~~~~~~~[0m
[96msrc/borrowers/borrowers.service.ts[0m:[93m75[0m:[93m23[0m - [91merror[0m[90m TS2339: [0mProperty 'borrower' does not exist on type 'PrismaService'.

[7m75[0m     await this.prisma.borrower.delete({ where: { id } });
[7m  [0m [91m                      ~~~~~~~~[0m
[96msrc/loans/loans.service.ts[0m:[93m10[0m:[93m10[0m - [91merror[0m[90m TS2305: [0mModule '"@microloan/db"' has no exported member 'LoanStatus'.

[7m10[0m import { LoanStatus } from '@microloan/db';
[7m  [0m [91m         ~~~~~~~~~~[0m
[96msrc/loans/loans.service.ts[0m:[93m21[0m:[93m40[0m - [91merror[0m[90m TS2339: [0mProperty 'borrower' does not exist on type 'PrismaService'.

[7m21[0m     const borrower = await this.prisma.borrower.findUnique({
[7m  [0m [91m                                       ~~~~~~~~[0m
[96msrc/loans/loans.service.ts[0m:[93m37[0m:[93m36[0m - [91merror[0m[90m TS2339: [0mProperty '$transaction' does not exist on type 'PrismaService'.

[7m37[0m     const loan = await this.prisma.$transaction(async (tx) => {
[7m  [0m [91m                                   ~~~~~~~~~~~~[0m
[96msrc/loans/loans.service.ts[0m:[93m80[0m:[93m24[0m - [91merror[0m[90m TS2339: [0mProperty 'loan' does not exist on type 'PrismaService'.

[7m80[0m     return this.prisma.loan.findMany({
[7m  [0m [91m                       ~~~~[0m
[96msrc/loans/loans.service.ts[0m:[93m88[0m:[93m36[0m - [91merror[0m[90m TS2339: [0mProperty 'loan' does not exist on type 'PrismaService'.

[7m88[0m     const loan = await this.prisma.loan.findUnique({
[7m  [0m [91m                                   ~~~~[0m
[96msrc/loans/loans.service.ts[0m:[93m106[0m:[93m36[0m - [91merror[0m[90m TS2339: [0mProperty 'loan' does not exist on type 'PrismaService'.

[7m106[0m     const loan = await this.prisma.loan.findUnique({ where: { id, tenantId } });
[7m   [0m [91m                                   ~~~~[0m
[96msrc/loans/loans.service.ts[0m:[93m114[0m:[93m39[0m - [91merror[0m[90m TS2339: [0mProperty 'loan' does not exist on type 'PrismaService'.

[7m114[0m     const updated = await this.prisma.loan.update({
[7m   [0m [91m                                      ~~~~[0m
[96msrc/loans/loans.service.ts[0m:[93m127[0m:[93m36[0m - [91merror[0m[90m TS2339: [0mProperty 'loan' does not exist on type 'PrismaService'.

[7m127[0m     const loan = await this.prisma.loan.findUnique({ where: { id, tenantId } });
[7m   [0m [91m                                   ~~~~[0m
[96msrc/loans/loans.service.ts[0m:[93m133[0m:[93m23[0m - [91merror[0m[90m TS2339: [0mProperty 'loan' does not exist on type 'PrismaService'.

[7m133[0m     await this.prisma.loan.delete({ where: { id } });
[7m   [0m [91m                      ~~~~[0m
[96msrc/prisma/prisma.service.ts[0m:[93m2[0m:[93m10[0m - [91merror[0m[90m TS2459: [0mModule '"@microloan/db"' declares 'PrismaClient' locally, but it is not exported.

[7m2[0m import { PrismaClient } from '@microloan/db';
[7m [0m [91m         ~~~~~~~~~~~~[0m

  [96m../../packages/db/dist/index.d.ts[0m:[93m1[0m:[93m10[0m
    [7m1[0m import { PrismaClient } from './generated/client';
    [7m [0m [96m         ~~~~~~~~~~~~[0m
    'PrismaClient' is declared here.
[96msrc/prisma/prisma.service.ts[0m:[93m10[0m:[93m16[0m - [91merror[0m[90m TS2339: [0mProperty '$connect' does not exist on type 'PrismaService'.

[7m10[0m     await this.$connect();
[7m  [0m [91m               ~~~~~~~~[0m
[96msrc/prisma/prisma.service.ts[0m:[93m14[0m:[93m16[0m - [91merror[0m[90m TS2339: [0mProperty '$disconnect' does not exist on type 'PrismaService'.

[7m14[0m     await this.$disconnect();
[7m  [0m [91m               ~~~~~~~~~~~[0m
[96msrc/repayments/repayments.service.ts[0m:[93m9[0m:[93m10[0m - [91merror[0m[90m TS2305: [0mModule '"@microloan/db"' has no exported member 'LoanStatus'.

[7m9[0m import { LoanStatus } from '@microloan/db';
[7m [0m [91m         ~~~~~~~~~~[0m
[96msrc/repayments/repayments.service.ts[0m:[93m19[0m:[93m36[0m - [91merror[0m[90m TS2339: [0mProperty 'loan' does not exist on type 'PrismaService'.

[7m19[0m     const loan = await this.prisma.loan.findUnique({
[7m  [0m [91m                                   ~~~~[0m
[96msrc/repayments/repayments.service.ts[0m:[93m84[0m:[93m23[0m - [91merror[0m[90m TS2339: [0mProperty 'repaymentSchedule' does not exist on type 'PrismaService'.

[7m84[0m           this.prisma.repaymentSchedule.update({
[7m  [0m [91m                      ~~~~~~~~~~~~~~~~~[0m
[96msrc/repayments/repayments.service.ts[0m:[93m97[0m:[93m43[0m - [91merror[0m[90m TS2339: [0mProperty '$transaction' does not exist on type 'PrismaService'.

[7m97[0m     const [repayment] = await this.prisma.$transaction([
[7m  [0m [91m                                          ~~~~~~~~~~~~[0m
[96msrc/repayments/repayments.service.ts[0m:[93m98[0m:[93m19[0m - [91merror[0m[90m TS2339: [0mProperty 'repayment' does not exist on type 'PrismaService'.

[7m98[0m       this.prisma.repayment.create({
[7m  [0m [91m                  ~~~~~~~~~[0m
[96msrc/repayments/repayments.service.ts[0m:[93m125[0m:[93m43[0m - [91merror[0m[90m TS2339: [0mProperty 'repaymentSchedule' does not exist on type 'PrismaService'.

[7m125[0m     const unpaidCount = await this.prisma.repaymentSchedule.count({
[7m   [0m [91m                                          ~~~~~~~~~~~~~~~~~[0m
[96msrc/repayments/repayments.service.ts[0m:[93m130[0m:[93m25[0m - [91merror[0m[90m TS2339: [0mProperty 'loan' does not exist on type 'PrismaService'.

[7m130[0m       await this.prisma.loan.update({
[7m   [0m [91m                        ~~~~[0m
[96msrc/repayments/repayments.service.ts[0m:[93m143[0m:[93m24[0m - [91merror[0m[90m TS2339: [0mProperty 'repayment' does not exist on type 'PrismaService'.

[7m143[0m     return this.prisma.repayment.findMany({
[7m   [0m [91m                       ~~~~~~~~~[0m
[96msrc/reports/reports.controller.ts[0m:[93m25[0m:[93m43[0m - [91merror[0m[90m TS2339: [0mProperty 'loan' does not exist on type 'PrismaService'.

[7m25[0m     const activeLoans = await this.prisma.loan.count({
[7m  [0m [91m                                          ~~~~[0m
[96msrc/reports/reports.controller.ts[0m:[93m29[0m:[93m46[0m - [91merror[0m[90m TS2339: [0mProperty 'borrower' does not exist on type 'PrismaService'.

[7m29[0m     const totalBorrowers = await this.prisma.borrower.count({
[7m  [0m [91m                                             ~~~~~~~~[0m
[96msrc/reports/reports.controller.ts[0m:[93m36[0m:[93m42[0m - [91merror[0m[90m TS2339: [0mProperty 'repayment' does not exist on type 'PrismaService'.

[7m36[0m     const repayments = await this.prisma.repayment.aggregate({
[7m  [0m [91m                                         ~~~~~~~~~[0m
[96msrc/reports/reports.controller.ts[0m:[93m44[0m:[93m43[0m - [91merror[0m[90m TS2339: [0mProperty 'repaymentSchedule' does not exist on type 'PrismaService'.

[7m44[0m     const outstanding = await this.prisma.repaymentSchedule.aggregate({
[7m  [0m [91m                                          ~~~~~~~~~~~~~~~~~[0m
[96msrc/reports/reports.controller.ts[0m:[93m54[0m:[93m40[0m - [91merror[0m[90m TS2339: [0mProperty 'repaymentSchedule' does not exist on type 'PrismaService'.

[7m54[0m     const dueNext7 = await this.prisma.repaymentSchedule.aggregate({
[7m  [0m [91m                                       ~~~~~~~~~~~~~~~~~[0m
[96msrc/reports/reports.controller.ts[0m:[93m140[0m:[93m37[0m - [91merror[0m[90m TS2339: [0mProperty 'loan' does not exist on type 'PrismaService'.

[7m140[0m     const loans = await this.prisma.loan.findMany({
[7m   [0m [91m                                    ~~~~[0m
[96msrc/reports/reports.controller.ts[0m:[93m148[0m:[93m42[0m - [91merror[0m[90m TS2339: [0mProperty 'repayment' does not exist on type 'PrismaService'.

[7m148[0m     const repayments = await this.prisma.repayment.findMany({
[7m   [0m [91m                                         ~~~~~~~~~[0m
[96msrc/users/users.service.ts[0m:[93m3[0m:[93m10[0m - [91merror[0m[90m TS2305: [0mModule '"@microloan/db"' has no exported member 'User'.

[7m3[0m import { User } from '@microloan/db';
[7m [0m [91m         ~~~~[0m
[96msrc/users/users.service.ts[0m:[93m10[0m:[93m24[0m - [91merror[0m[90m TS2339: [0mProperty 'user' does not exist on type 'PrismaService'.

[7m10[0m     return this.prisma.user.findUnique({ where: { email } });
[7m  [0m [91m                       ~~~~[0m
[96msrc/users/users.service.ts[0m:[93m14[0m:[93m24[0m - [91merror[0m[90m TS2339: [0mProperty 'user' does not exist on type 'PrismaService'.

[7m14[0m     return this.prisma.user.findUnique({ where: { id } });
[7m  [0m [91m                       ~~~~[0m

Found 40 error(s).

[41m[30m ELIFECYCLE [39m[49m [31mCommand failed with exit code 1.[39m
